1/08/2022 19:47:18 PM - Save Script: Version 13.3.0.1.262 User user
1/08/2022 20:00:18 PM - Save Script: Version 13.3.0.1.262 User user
1/08/2022 20:04:40 PM - Save Script: Version 13.3.0.1.262 User user
1/08/2022 20:05:39 PM - Save Script: Version 13.3.0.1.262 User user
1/08/2022 21:46:28 PM - Save Script: Version 13.3.0.1.262 User user
1/08/2022 21:50:18 PM - Save Script: Version 13.3.0.1.262 User user
1/08/2022 21:50:25 PM - Save Script: Version 13.3.0.1.262 User user
1/08/2022 22:11:29 PM - Save Script: Version 13.3.0.1.262 User user
1/08/2022 22:11:36 PM - Save Script: Version 13.3.0.1.262 User user
1/08/2022 22:12:23 PM - Upgrade Script Results: Successfully upgraded script results.
1/08/2022 22:14:19 PM - Save Script: Version 13.3.0.1.262 User user
1/08/2022 22:26:37 PM - Save Script: Version 13.3.0.1.262 User user
1/08/2022 22:40:05 PM - Upgrade Script Results: Successfully upgraded script results.
1/10/2022 20:49:27 PM - Save Script: Version 13.3.0.1.262 User user
1/20/2022 00:23:04 AM - Save Script: Version 13.3.0.1.262 User user
1/20/2022 00:24:12 AM - Save Script: Version 13.3.0.1.262 User user
1/20/2022 00:37:46 AM - Save Script: Version 13.3.0.1.262 User user
1/17/2023 21:00:35 PM - Save Script: Version 13.3.0.1.262 User Gujalapati
1/18/2023 17:32:29 PM - Save Script: Version 13.3.0.1.262 User rsi
1/18/2023 17:51:27 PM - Save Script: Version 13.3.0.1.262 User rsi
1/19/2023 20:12:41 PM - Save Script: Version 13.3.0.1.262 User rsi
1/19/2023 20:30:00 PM - Save Script: Version 13.3.0.1.262 User rsi
1/19/2023 20:31:36 PM - Save Script: Version 13.3.0.1.262 User rsi
1/19/2023 21:17:40 PM - Save Script: Version 13.3.0.1.262 User rsi
1/19/2023 21:17:42 PM - Save Script: Version 13.3.0.1.262 User rsi
1/19/2023 21:17:47 PM - Save Script: Version 13.3.0.1.262 User rsi
1/20/2023 10:09:16 AM - Save Script: Version 13.3.0.1.262 User rsi
1/20/2023 10:09:28 AM - Save Script: Version 13.3.0.1.262 User rsi
1/27/2023 11:37:13 AM - Save Script: Version 13.3.0.1.262 User rsi