1/20/2023 10:08:38 AM - Save Script: Version 13.3.0.1.262 User rsi
1/20/2023 10:11:42 AM - Save Script: Version 13.3.0.1.262 User rsi
1/20/2023 10:26:57 AM - Save Script: Version 13.3.0.1.262 User rsi
1/20/2023 10:30:05 AM - Save Script: Version 13.3.0.1.262 User rsi
1/20/2023 10:35:26 AM - Save Script: Version 13.3.0.1.262 User rsi
1/20/2023 10:37:06 AM - Save Script: Version 13.3.0.1.262 User rsi
1/20/2023 10:38:35 AM - Save Script: Version 13.3.0.1.262 User rsi
1/20/2023 11:33:46 AM - Save Script: Version 13.3.0.1.262 User rsi
1/20/2023 11:33:51 AM - Save Script: Version 13.3.0.1.262 User rsi
1/20/2023 11:39:18 AM - Save Script: Version 13.3.0.1.262 User rsi
1/20/2023 11:42:17 AM - Save Script: Version 13.3.0.1.262 User rsi
1/20/2023 12:29:47 PM - Save Script: Version 13.3.0.1.262 User rsi
1/20/2023 12:32:15 PM - Save Script: Version 13.3.0.1.262 User rsi
1/20/2023 12:32:42 PM - Save Script: Version 13.3.0.1.262 User rsi
1/20/2023 12:32:44 PM - Save Script: Version 13.3.0.1.262 User rsi
1/20/2023 12:36:23 PM - Save Script: Version 13.3.0.1.262 User rsi
1/20/2023 12:36:32 PM - Save Script: Version 13.3.0.1.262 User rsi
1/20/2023 12:38:29 PM - Save Script: Version 13.3.0.1.262 User rsi
1/20/2023 12:39:58 PM - Save Script: Version 13.3.0.1.262 User rsi
1/20/2023 12:42:37 PM - Save Script: Version 13.3.0.1.262 User rsi
1/20/2023 12:43:04 PM - Save Script: Version 13.3.0.1.262 User rsi
1/20/2023 12:46:33 PM - Save Script: Version 13.3.0.1.262 User rsi
1/20/2023 12:48:56 PM - Save Script: Version 13.3.0.1.262 User rsi
1/20/2023 12:49:01 PM - Save Script: Version 13.3.0.1.262 User rsi
1/20/2023 12:49:13 PM - Save Script: Version 13.3.0.1.262 User rsi
1/20/2023 13:32:35 PM - Save Script: Version 13.3.0.1.262 User rsi
1/20/2023 13:34:22 PM - Save Script: Version 13.3.0.1.262 User rsi
1/20/2023 14:34:11 PM - Save Script: Version 13.3.0.1.262 User rsi
1/20/2023 14:36:51 PM - Save Script: Version 13.3.0.1.262 User rsi
1/20/2023 14:37:32 PM - Save Script: Version 13.3.0.1.262 User rsi
1/20/2023 14:39:23 PM - Save Script: Version 13.3.0.1.262 User rsi
1/20/2023 14:39:44 PM - Save Script: Version 13.3.0.1.262 User rsi
1/20/2023 14:44:06 PM - Save Script: Version 13.3.0.1.262 User rsi
1/20/2023 14:45:44 PM - Save Script: Version 13.3.0.1.262 User rsi
1/20/2023 14:46:34 PM - Save Script: Version 13.3.0.1.262 User rsi
1/20/2023 14:47:03 PM - Save Script: Version 13.3.0.1.262 User rsi
1/20/2023 14:47:09 PM - Save Script: Version 13.3.0.1.262 User rsi
1/20/2023 14:49:08 PM - Save Script: Version 13.3.0.1.262 User rsi
1/20/2023 14:49:21 PM - Save Script: Version 13.3.0.1.262 User rsi
1/20/2023 14:50:47 PM - Save Script: Version 13.3.0.1.262 User rsi
1/20/2023 14:55:33 PM - Save Script: Version 13.3.0.1.262 User rsi
1/20/2023 15:16:00 PM - Save Script: Version 13.3.0.1.262 User rsi
1/20/2023 15:16:43 PM - Save Script: Version 13.3.0.1.262 User rsi
1/20/2023 15:19:10 PM - Save Script: Version 13.3.0.1.262 User rsi
1/20/2023 15:21:20 PM - Save Script: Version 13.3.0.1.262 User rsi
1/20/2023 15:21:41 PM - Save Script: Version 13.3.0.1.262 User rsi
1/20/2023 15:21:59 PM - Save Script: Version 13.3.0.1.262 User rsi
1/20/2023 15:22:27 PM - Save Script: Version 13.3.0.1.262 User rsi
1/20/2023 15:23:04 PM - Save Script: Version 13.3.0.1.262 User rsi
1/25/2023 10:48:01 AM - Save Script: Version 13.3.0.1.262 User rsi
1/25/2023 10:49:58 AM - Save Script: Version 13.3.0.1.262 User rsi
1/25/2023 10:51:39 AM - Save Script: Version 13.3.0.1.262 User rsi
1/27/2023 11:33:24 AM - Save Script: Version 13.3.0.1.262 User rsi
1/27/2023 13:53:38 PM - Save Script: Version 13.3.0.1.262 User rsi
1/27/2023 13:54:42 PM - Save Script: Version 13.3.0.1.262 User rsi
1/30/2023 19:18:02 PM - Save Script: Version 13.3.0.1.262 User rsi
1/30/2023 19:18:54 PM - Save Script: Version 13.3.0.1.262 User rsi
1/30/2023 19:31:53 PM - Save Script: Version 13.3.0.1.262 User rsi
1/30/2023 19:51:03 PM - Save Script: Version 13.3.0.1.262 User rsi
1/30/2023 19:51:32 PM - Save Script: Version 13.3.0.1.262 User rsi
1/30/2023 19:58:27 PM - Save Script: Version 13.3.0.1.262 User rsi
1/30/2023 19:58:42 PM - Save Script: Version 13.3.0.1.262 User rsi
1/30/2023 20:04:00 PM - Save Script: Version 13.3.0.1.262 User rsi
1/30/2023 20:04:28 PM - Save Script: Version 13.3.0.1.262 User rsi
1/30/2023 20:04:48 PM - Save Script: Version 13.3.0.1.262 User rsi
1/30/2023 20:04:56 PM - Save Script: Version 13.3.0.1.262 User rsi
1/30/2023 20:05:46 PM - Save Script: Version 13.3.0.1.262 User rsi
1/30/2023 20:07:24 PM - Save Script: Version 13.3.0.1.262 User rsi
1/30/2023 20:16:21 PM - Save Script: Version 13.3.0.1.262 User rsi
1/31/2023 10:04:32 AM - Upgrade Script Results: Successfully upgraded script results.
1/31/2023 10:33:01 AM - Save Script: Version 13.3.0.1.262 User rsi
1/31/2023 10:51:44 AM - Save Script: Version 13.3.0.1.262 User rsi
1/31/2023 10:56:03 AM - Save Script: Version 13.3.0.1.262 User rsi
1/31/2023 10:56:17 AM - Save Script: Version 13.3.0.1.262 User rsi
1/31/2023 10:59:04 AM - Save Script: Version 13.3.0.1.262 User rsi
1/31/2023 10:59:09 AM - Save Script: Version 13.3.0.1.262 User rsi
1/31/2023 11:00:11 AM - Save Script: Version 13.3.0.1.262 User rsi
1/31/2023 11:26:42 AM - Save Script: Version 13.3.0.1.262 User rsi
1/31/2023 11:27:29 AM - Save Script: Version 13.3.0.1.262 User rsi
1/31/2023 11:28:56 AM - Save Script: Version 13.3.0.1.262 User rsi
1/31/2023 11:44:21 AM - Save Script: Version 13.3.0.1.262 User rsi
1/31/2023 11:45:26 AM - Save Script: Version 13.3.0.1.262 User rsi
1/31/2023 12:08:32 PM - Save Script: Version 13.3.0.1.262 User rsi
1/31/2023 12:09:04 PM - Save Script: Version 13.3.0.1.262 User rsi
1/31/2023 12:25:45 PM - Save Script: Version 13.3.0.1.262 User rsi
1/31/2023 12:26:27 PM - Save Script: Version 13.3.0.1.262 User rsi
1/31/2023 13:00:12 PM - Save Script: Version 13.3.0.1.262 User rsi
1/31/2023 16:43:58 PM - Save Script: Version 13.3.0.1.262 User rsi
1/31/2023 16:45:36 PM - Save Script: Version 13.3.0.1.262 User rsi
1/31/2023 16:55:15 PM - Save Script: Version 13.3.0.1.262 User rsi
1/31/2023 16:57:25 PM - Save Script: Version 13.3.0.1.262 User rsi
1/31/2023 16:58:14 PM - Save Script: Version 13.3.0.1.262 User rsi
1/31/2023 17:00:31 PM - Save Script: Version 13.3.0.1.262 User rsi
1/31/2023 17:06:27 PM - Save Script: Version 13.3.0.1.262 User rsi
1/31/2023 18:25:39 PM - Save Script: Version 13.3.0.1.262 User rsi
1/31/2023 18:26:38 PM - Save Script: Version 13.3.0.1.262 User rsi
1/31/2023 18:27:17 PM - Save Script: Version 13.3.0.1.262 User rsi
1/31/2023 18:28:07 PM - Save Script: Version 13.3.0.1.262 User rsi
1/31/2023 18:28:38 PM - Save Script: Version 13.3.0.1.262 User rsi
1/31/2023 18:28:56 PM - Save Script: Version 13.3.0.1.262 User rsi
1/31/2023 18:29:57 PM - Save Script: Version 13.3.0.1.262 User rsi
1/31/2023 18:36:03 PM - Save Script: Version 13.3.0.1.262 User rsi
1/31/2023 18:36:14 PM - Save Script: Version 13.3.0.1.262 User rsi
1/31/2023 18:38:24 PM - Save Script: Version 13.3.0.1.262 User rsi
1/31/2023 18:40:47 PM - Save Script: Version 13.3.0.1.262 User rsi
1/31/2023 18:42:16 PM - Save Script: Version 13.3.0.1.262 User rsi
1/31/2023 18:43:33 PM - Save Script: Version 13.3.0.1.262 User rsi
1/31/2023 18:43:49 PM - Save Script: Version 13.3.0.1.262 User rsi
1/31/2023 18:44:21 PM - Save Script: Version 13.3.0.1.262 User rsi
1/31/2023 18:46:45 PM - Save Script: Version 13.3.0.1.262 User rsi
1/31/2023 18:49:00 PM - Save Script: Version 13.3.0.1.262 User rsi
1/31/2023 18:49:04 PM - Save Script: Version 13.3.0.1.262 User rsi
1/31/2023 18:50:09 PM - Save Script: Version 13.3.0.1.262 User rsi
1/31/2023 18:50:20 PM - Save Script: Version 13.3.0.1.262 User rsi
1/31/2023 18:50:53 PM - Save Script: Version 13.3.0.1.262 User rsi
1/31/2023 18:51:24 PM - Save Script: Version 13.3.0.1.262 User rsi
1/31/2023 18:56:57 PM - Save Script: Version 13.3.0.1.262 User rsi
1/31/2023 18:57:07 PM - Save Script: Version 13.3.0.1.262 User rsi
1/31/2023 18:57:31 PM - Save Script: Version 13.3.0.1.262 User rsi
1/31/2023 18:57:57 PM - Save Script: Version 13.3.0.1.262 User rsi
1/31/2023 18:58:09 PM - Save Script: Version 13.3.0.1.262 User rsi
1/31/2023 18:58:20 PM - Save Script: Version 13.3.0.1.262 User rsi
2/03/2023 13:26:46 PM - Save Script: Version 13.3.0.1.262 User rsi
2/03/2023 13:27:31 PM - Save Script: Version 13.3.0.1.262 User rsi
2/03/2023 13:33:16 PM - Save Script: Version 13.3.0.1.262 User rsi
2/03/2023 13:36:30 PM - Launch Browser: FF version 47.0.2
2/03/2023 13:46:25 PM - Save Script: Version 13.3.0.1.262 User rsi
2/03/2023 14:32:36 PM - Save Script: Version 13.3.0.1.262 User rsi
2/03/2023 14:32:55 PM - Save Script: Version 13.3.0.1.262 User rsi
2/03/2023 14:34:15 PM - Save Script: Version 13.3.0.1.262 User rsi
2/03/2023 14:35:42 PM - Save Script: Version 13.3.0.1.262 User rsi
2/03/2023 14:44:08 PM - Save Script: Version 13.3.0.1.262 User rsi
2/03/2023 14:44:15 PM - Save Script: Version 13.3.0.1.262 User rsi
2/03/2023 14:46:56 PM - Save Script: Version 13.3.0.1.262 User rsi
2/03/2023 14:47:18 PM - Save Script: Version 13.3.0.1.262 User rsi
2/03/2023 14:49:35 PM - Save Script: Version 13.3.0.1.262 User rsi
2/03/2023 14:52:56 PM - Save Script: Version 13.3.0.1.262 User rsi
2/03/2023 15:00:08 PM - Save Script: Version 13.3.0.1.262 User rsi
2/03/2023 19:43:26 PM - Save Script: Version 13.3.0.1.262 User rsi
2/03/2023 19:43:53 PM - Save Script: Version 13.3.0.1.262 User rsi
2/03/2023 19:44:23 PM - Save Script: Version 13.3.0.1.262 User rsi
2/03/2023 19:59:13 PM - Save Script: Version 13.3.0.1.262 User rsi
2/03/2023 20:45:48 PM - Save Script: Version 13.3.0.1.262 User rsi
2/03/2023 20:46:23 PM - Save Script: Version 13.3.0.1.262 User rsi
2/03/2023 20:51:27 PM - Save Script: Version 13.3.0.1.262 User rsi
2/03/2023 20:51:34 PM - Save Script: Version 13.3.0.1.262 User rsi
2/03/2023 20:58:27 PM - Save Script: Version 13.3.0.1.262 User rsi
2/03/2023 21:00:01 PM - Save Script: Version 13.3.0.1.262 User rsi
2/04/2023 11:16:48 AM - Upgrade Script Results: Successfully upgraded script results.
2/06/2023 10:45:04 AM - Upgrade Script Results: Successfully upgraded script results.
2/06/2023 11:02:37 AM - Save Script: Version 13.3.0.1.262 User rsi
2/06/2023 11:10:07 AM - Save Script: Version 13.3.0.1.262 User rsi
2/06/2023 11:11:52 AM - Save Script: Version 13.3.0.1.262 User rsi
2/06/2023 11:14:56 AM - Save Script: Version 13.3.0.1.262 User rsi
2/06/2023 11:14:58 AM - Save Script: Version 13.3.0.1.262 User rsi
2/06/2023 11:20:11 AM - Save Script: Version 13.3.0.1.262 User rsi
2/06/2023 11:28:37 AM - Save Script: Version 13.3.0.1.262 User rsi
2/06/2023 11:52:16 AM - Save Script: Version 13.3.0.1.262 User rsi
2/06/2023 12:10:26 PM - Save Script: Version 13.3.0.1.262 User rsi
2/06/2023 12:11:41 PM - Save Script: Version 13.3.0.1.262 User rsi
2/06/2023 12:12:57 PM - Save Script: Version 13.3.0.1.262 User rsi
2/06/2023 12:13:31 PM - Save Script: Version 13.3.0.1.262 User rsi
2/06/2023 12:16:38 PM - Save Script: Version 13.3.0.1.262 User rsi
2/06/2023 12:17:41 PM - Save Script: Version 13.3.0.1.262 User rsi
2/06/2023 12:18:35 PM - Save Script: Version 13.3.0.1.262 User rsi
2/06/2023 12:19:20 PM - Save Script: Version 13.3.0.1.262 User rsi
2/06/2023 12:20:18 PM - Save Script: Version 13.3.0.1.262 User rsi
2/06/2023 12:22:46 PM - Save Script: Version 13.3.0.1.262 User rsi
2/06/2023 12:23:46 PM - Save Script: Version 13.3.0.1.262 User rsi
2/06/2023 12:24:00 PM - Save Script: Version 13.3.0.1.262 User rsi
2/06/2023 12:25:45 PM - Save Script: Version 13.3.0.1.262 User rsi
2/06/2023 12:26:32 PM - Save Script: Version 13.3.0.1.262 User rsi
2/06/2023 12:28:43 PM - Save Script: Version 13.3.0.1.262 User rsi
2/06/2023 12:30:15 PM - Save Script: Version 13.3.0.1.262 User rsi
2/06/2023 12:31:23 PM - Save Script: Version 13.3.0.1.262 User rsi
2/06/2023 12:33:35 PM - Save Script: Version 13.3.0.1.262 User rsi
2/06/2023 14:49:18 PM - Save Script: Version 13.3.0.1.262 User rsi
2/06/2023 14:49:46 PM - Save Script: Version 13.3.0.1.262 User rsi
2/06/2023 16:41:35 PM - Upgrade Script Results: Successfully upgraded script results.
2/06/2023 16:46:49 PM - Upgrade Script Results: Successfully upgraded script results.
2/06/2023 18:25:44 PM - Upgrade Script Results: Successfully upgraded script results.
2/06/2023 18:42:43 PM - Upgrade Script Results: Successfully upgraded script results.
2/06/2023 18:48:08 PM - Save Script: Version 13.3.0.1.262 User rsi
2/06/2023 18:56:58 PM - Save Script: Version 13.3.0.1.262 User rsi
2/06/2023 19:11:35 PM - Save Script: Version 13.3.0.1.262 User rsi
2/06/2023 19:11:44 PM - Save Script: Version 13.3.0.1.262 User rsi
2/06/2023 19:11:54 PM - Save Script: Version 13.3.0.1.262 User rsi
2/06/2023 19:17:46 PM - Save Script: Version 13.3.0.1.262 User rsi
2/06/2023 19:18:05 PM - Save Script: Version 13.3.0.1.262 User rsi
2/06/2023 19:18:12 PM - Save Script: Version 13.3.0.1.262 User rsi
2/06/2023 19:19:39 PM - Save Script: Version 13.3.0.1.262 User rsi
2/06/2023 19:19:42 PM - Save Script: Version 13.3.0.1.262 User rsi
2/06/2023 19:27:51 PM - Save Script: Version 13.3.0.1.262 User rsi
2/06/2023 19:32:08 PM - Save Script: Version 13.3.0.1.262 User rsi
2/06/2023 19:32:17 PM - Save Script: Version 13.3.0.1.262 User rsi
2/06/2023 19:32:46 PM - Save Script: Version 13.3.0.1.262 User rsi
2/06/2023 19:32:54 PM - Save Script: Version 13.3.0.1.262 User rsi
2/06/2023 19:33:09 PM - Save Script: Version 13.3.0.1.262 User rsi
2/06/2023 19:36:03 PM - Save Script: Version 13.3.0.1.262 User rsi
2/06/2023 19:36:12 PM - Save Script: Version 13.3.0.1.262 User rsi
2/06/2023 19:36:21 PM - Save Script: Version 13.3.0.1.262 User rsi
2/06/2023 19:36:47 PM - Save Script: Version 13.3.0.1.262 User rsi
2/06/2023 19:37:35 PM - Save Script: Version 13.3.0.1.262 User rsi
2/06/2023 19:39:04 PM - Save Script: Version 13.3.0.1.262 User rsi
2/06/2023 19:39:18 PM - Save Script: Version 13.3.0.1.262 User rsi
2/06/2023 19:39:38 PM - Save Script: Version 13.3.0.1.262 User rsi
2/06/2023 19:44:52 PM - Save Script: Version 13.3.0.1.262 User rsi
2/06/2023 19:46:13 PM - Save Script: Version 13.3.0.1.262 User rsi
2/06/2023 19:46:23 PM - Save Script: Version 13.3.0.1.262 User rsi
2/06/2023 19:52:39 PM - Save Script: Version 13.3.0.1.262 User rsi
2/06/2023 19:53:41 PM - Save Script: Version 13.3.0.1.262 User rsi
2/06/2023 19:58:57 PM - Save Script: Version 13.3.0.1.262 User rsi
2/06/2023 20:24:50 PM - Save Script: Version 13.3.0.1.262 User rsi
2/06/2023 20:24:58 PM - Save Script: Version 13.3.0.1.262 User rsi
2/06/2023 20:24:59 PM - Save Script: Version 13.3.0.1.262 User rsi
2/06/2023 20:29:30 PM - Save Script: Version 13.3.0.1.262 User rsi
2/06/2023 20:29:52 PM - Save Script: Version 13.3.0.1.262 User rsi
2/06/2023 20:35:43 PM - Save Script: Version 13.3.0.1.262 User rsi
2/06/2023 20:36:35 PM - Save Script: Version 13.3.0.1.262 User rsi
2/06/2023 20:38:57 PM - Save Script: Version 13.3.0.1.262 User rsi
2/06/2023 20:40:06 PM - Save Script: Version 13.3.0.1.262 User rsi
2/06/2023 20:40:17 PM - Save Script: Version 13.3.0.1.262 User rsi
2/06/2023 20:40:34 PM - Save Script: Version 13.3.0.1.262 User rsi
2/06/2023 20:44:53 PM - Save Script: Version 13.3.0.1.262 User rsi
2/06/2023 20:45:07 PM - Save Script: Version 13.3.0.1.262 User rsi
2/06/2023 20:45:26 PM - Save Script: Version 13.3.0.1.262 User rsi
2/06/2023 20:49:29 PM - Save Script: Version 13.3.0.1.262 User rsi
2/06/2023 21:04:15 PM - Save Script: Version 13.3.0.1.262 User rsi
2/06/2023 21:05:33 PM - Save Script: Version 13.3.0.1.262 User rsi
2/06/2023 21:13:24 PM - Save Script: Version 13.3.0.1.262 User rsi
2/06/2023 21:14:13 PM - Save Script: Version 13.3.0.1.262 User rsi
2/06/2023 21:16:28 PM - Save Script: Version 13.3.0.1.262 User rsi
2/06/2023 21:17:39 PM - Save Script: Version 13.3.0.1.262 User rsi
2/06/2023 21:31:36 PM - Save Script: Version 13.3.0.1.262 User rsi
2/06/2023 21:35:14 PM - Save Script: Version 13.3.0.1.262 User rsi
2/06/2023 21:37:14 PM - Save Script: Version 13.3.0.1.262 User rsi
2/07/2023 16:59:15 PM - Upgrade Script Results: Successfully upgraded script results.
2/07/2023 18:38:49 PM - Save Script: Version 13.3.0.1.262 User rsi
2/07/2023 20:27:00 PM - Upgrade Script Results: Successfully upgraded script results.
2/07/2023 21:29:36 PM - Save Script: Version 13.3.0.1.262 User rsi
2/07/2023 21:29:43 PM - Save Script: Version 13.3.0.1.262 User rsi
2/07/2023 21:34:30 PM - Save Script: Version 13.3.0.1.262 User rsi
2/08/2023 10:46:16 AM - Upgrade Script Results: Successfully upgraded script results.
2/08/2023 11:01:41 AM - Save Script: Version 13.3.0.1.262 User rsi
2/08/2023 11:01:51 AM - Save Script: Version 13.3.0.1.262 User rsi
2/08/2023 11:20:01 AM - Save Script: Version 13.3.0.1.262 User rsi
2/08/2023 11:20:53 AM - Save Script: Version 13.3.0.1.262 User rsi
2/08/2023 11:41:09 AM - Save Script: Version 13.3.0.1.262 User rsi
2/08/2023 11:43:10 AM - Save Script: Version 13.3.0.1.262 User rsi
2/08/2023 11:43:32 AM - Save Script: Version 13.3.0.1.262 User rsi
2/08/2023 11:43:48 AM - Save Script: Version 13.3.0.1.262 User rsi
2/08/2023 11:44:03 AM - Save Script: Version 13.3.0.1.262 User rsi
2/08/2023 11:44:10 AM - Save Script: Version 13.3.0.1.262 User rsi
2/08/2023 11:50:30 AM - Save Script: Version 13.3.0.1.262 User rsi
2/08/2023 11:53:48 AM - Save Script: Version 13.3.0.1.262 User rsi
2/08/2023 11:56:32 AM - Save Script: Version 13.3.0.1.262 User rsi
2/08/2023 11:56:37 AM - Save Script: Version 13.3.0.1.262 User rsi
2/08/2023 12:37:07 PM - Save Script: Version 13.3.0.1.262 User rsi
2/08/2023 12:37:38 PM - Save Script: Version 13.3.0.1.262 User rsi
2/08/2023 12:38:16 PM - Upgrade Script Results: Successfully upgraded script results.
2/08/2023 12:41:34 PM - Save Script: Version 13.3.0.1.262 User rsi
2/08/2023 15:03:18 PM - Save Script: Version 13.3.0.1.262 User rsi
2/08/2023 15:05:12 PM - Save Script: Version 13.3.0.1.262 User rsi
2/08/2023 15:09:26 PM - Save Script: Version 13.3.0.1.262 User rsi
2/08/2023 15:09:55 PM - Save Script: Version 13.3.0.1.262 User rsi
2/08/2023 15:10:27 PM - Save Script: Version 13.3.0.1.262 User rsi
2/08/2023 15:11:06 PM - Save Script: Version 13.3.0.1.262 User rsi
2/08/2023 18:07:16 PM - Upgrade Script Results: Successfully upgraded script results.
2/08/2023 18:30:42 PM - Save Script: Version 13.3.0.1.262 User rsi